<?xml version="1.0" encoding="utf-8"?><testsuites name="pytest tests"><testsuite name="pytest" errors="0" failures="0" skipped="0" tests="20" time="4.095" timestamp="2026-04-17T16:04:09.697989+00:00" hostname="agent-env-0252f9cd-c16e-49c9-b3d9-4e6ef6814439"><testcase classname="tests.test_schema_collections.TestAuthEndpoints" name="test_login_success" time="0.777" /><testcase classname="tests.test_schema_collections.TestAuthEndpoints" name="test_auth_me" time="0.061" /><testcase classname="tests.test_schema_collections.TestSchemaBuilder" name="test_get_agent_schemas" time="0.131" /><testcase classname="tests.test_schema_collections.TestSchemaBuilder" name="test_create_schema" time="0.290" /><testcase classname="tests.test_schema_collections.TestSchemaBuilder" name="test_schema_field_limit" time="0.149" /><testcase classname="tests.test_schema_collections.TestSchemaBuilder" name="test_schema_collection_limit" time="0.245" /><testcase classname="tests.test_schema_collections.TestSchemaBuilder" name="test_rename_schema" time="0.207" /><testcase classname="tests.test_schema_collections.TestDynamicCollections" name="test_create_item" time="0.190" /><testcase classname="tests.test_schema_collections.TestDynamicCollections" name="test_get_items" time="0.112" /><testcase classname="tests.test_schema_collections.TestDynamicCollections" name="test_update_item" time="0.253" /><testcase classname="tests.test_schema_collections.TestDynamicCollections" name="test_delete_item" time="0.235" /><testcase classname="tests.test_schema_collections.TestFieldValidation" name="test_required_field_validation" time="0.114" /><testcase classname="tests.test_schema_collections.TestFieldValidation" name="test_number_min_validation" time="0.118" /><testcase classname="tests.test_schema_collections.TestCSVUpload" name="test_detect_csv_schema" time="0.122" /><testcase classname="tests.test_schema_collections.TestCSVUpload" name="test_bulk_upload_csv" time="0.351" /><testcase classname="tests.test_schema_collections.TestImageUpload" name="test_upload_image" time="0.179" /><testcase classname="tests.test_schema_collections.TestSchemaReorder" name="test_reorder_schemas" time="0.294" /><testcase classname="tests.test_schema_collections.TestAgentEndpoints" name="test_list_agents" time="0.053" /><testcase classname="tests.test_schema_collections.TestAgentEndpoints" name="test_get_agent" time="0.055" /><testcase classname="tests.test_schema_collections.TestAgentEndpoints" name="test_agent_stats" time="0.059" /></testsuite></testsuites>